<?xml version="1.0" encoding="UTF-8"?>
<!-- Generated by org.testng.reporters.JUnitReportReporter -->
<testsuite hostname="DESKTOP-T9DCTPP" failures="0" tests="1" name="Tiki.TikiTest" time="24.968" errors="0" timestamp="2021-01-20T21:19:14 ICT" skipped="0">
  <testcase classname="Tiki.TikiTest" name="TC_TK01" time="24.968"/>
  <system-out/>
</testsuite> <!-- Tiki.TikiTest -->
