<?xml version="1.0" encoding="UTF-8"?>
<!-- Generated by org.testng.reporters.JUnitReportReporter -->
<testsuite hostname="DESKTOP-T9DCTPP" failures="0" tests="2" name="Railway.LoginTest" time="23.001" errors="0" timestamp="2020-12-16T22:18:22 ICT" skipped="0">
  <testcase classname="Railway.LoginTest" name="TC01" time="11.179"/>
  <system-out/>
  <testcase classname="Railway.LoginTest" name="TC02" time="11.822"/>
  <system-out/>
</testsuite> <!-- Railway.LoginTest -->
