<?xml version="1.0" encoding="UTF-8"?>
<!-- Generated by org.testng.reporters.JUnitReportReporter -->
<testsuite hostname="DESKTOP-T9DCTPP" failures="0" tests="1" name="Railway.ManagerTicketTest" time="6.812" errors="0" timestamp="2020-11-01T00:12:10 ICT" skipped="0">
  <testcase classname="Railway.ManagerTicketTest" name="FTTC01" time="6.812"/>
  <system-out/>
</testsuite> <!-- Railway.ManagerTicketTest -->
