<?xml version="1.0" encoding="UTF-8"?>
<!-- Generated by org.testng.reporters.JUnitReportReporter -->
<testsuite ignored="0" hostname="lgvn13556-w7" failures="0" tests="1" name="Tiki.TikiTest" time="49.714" errors="0" timestamp="01 Feb 2021 06:16:33 GMT" skipped="0">
  <testcase classname="Tiki.TikiTest" name="TC_TK01" time="49.714"/>
</testsuite> <!-- Tiki.TikiTest -->
